Using pre-set license
Built from '2020.3/staging' branch; Version is '2020.3.5f1 (8095aa901b9b) revision 8426922'; Using compiler version '192528614'; Build Type 'Release'
OS: 'Windows 10 Home; OS build 19042.928; Version 2009; 64bit' Language: 'fr' Physical Memory: 16307 MB
BatchMode: 1, IsHumanControllingUs: 0, StartBugReporterOnCrash: 0, Is64bit: 1, IsPro: 0

 COMMAND LINE ARGUMENTS:
D:\Unity Editors\2020.3.5f1\Editor\Unity.exe
-adb2
-batchMode
-noUpm
-name
AssetImportWorker0
-projectPath
D:/GitHub files/Preparation/Preparation – Set It Up, Let It Go
-logFile
Logs/AssetImportWorker0.log
-srvPort
53705
Successfully changed project path to: D:/GitHub files/Preparation/Preparation – Set It Up, Let It Go
D:/GitHub files/Preparation/Preparation – Set It Up, Let It Go
Using Asset Import Pipeline V2.
Refreshing native plugins compatible for Editor in 34.85 ms, found 1 plugins.
Preloading 0 native plugins for Editor in 0.00 ms.
Initialize engine version: 2020.3.5f1 (8095aa901b9b)
[Subsystems] Discovering subsystems at path D:/Unity Editors/2020.3.5f1/Editor/Data/Resources/UnitySubsystems
[Subsystems] Discovering subsystems at path D:/GitHub files/Preparation/Preparation – Set It Up, Let It Go/Assets
GfxDevice: creating device client; threaded=0
Direct3D:
    Version:  Direct3D 11.0 [level 11.1]
    Renderer: NVIDIA GeForce GTX 1070 (ID=0x1b81)
    Vendor:   
    VRAM:     8088 MB
    Driver:   27.21.14.5671
Initialize mono
Mono path[0] = 'D:/Unity Editors/2020.3.5f1/Editor/Data/Managed'
Mono path[1] = 'D:/Unity Editors/2020.3.5f1/Editor/Data/MonoBleedingEdge/lib/mono/unityjit'
Mono config path = 'D:/Unity Editors/2020.3.5f1/Editor/Data/MonoBleedingEdge/etc'
Using monoOptions --debugger-agent=transport=dt_socket,embedding=1,server=y,suspend=n,address=127.0.0.1:56480
Begin MonoManager ReloadAssembly
Registering precompiled unity dll's ...
Register platform support module: D:/Unity Editors/2020.3.5f1/Editor/Data/PlaybackEngines/WebGLSupport/UnityEditor.WebGL.Extensions.dll
Register platform support module: D:/Unity Editors/2020.3.5f1/Editor/Data/PlaybackEngines/WindowsStandaloneSupport/UnityEditor.WindowsStandalone.Extensions.dll
Registered in 0.001520 seconds.
Native extension for WindowsStandalone target not found
Native extension for WebGL target not found
Refreshing native plugins compatible for Editor in 34.04 ms, found 1 plugins.
Preloading 0 native plugins for Editor in 0.00 ms.
Mono: successfully reloaded assembly
- Completed reload, in  1.165 seconds
Platform modules already initialized, skipping
Registering precompiled user dll's ...
Registered in 0.000829 seconds.
Begin MonoManager ReloadAssembly
Native extension for WindowsStandalone target not found
Native extension for WebGL target not found
Refreshing native plugins compatible for Editor in 30.90 ms, found 1 plugins.
Preloading 0 native plugins for Editor in 0.00 ms.
Mono: successfully reloaded assembly
- Completed reload, in  0.951 seconds
Platform modules already initialized, skipping
========================================================================
Worker process is ready to serve import requests
Launched and connected shader compiler UnityShaderCompiler.exe after 0.07 seconds
Refreshing native plugins compatible for Editor in 0.59 ms, found 1 plugins.
Preloading 0 native plugins for Editor in 0.00 ms.
Unloading 1807 Unused Serialized files (Serialized files now loaded: 0)
System memory in use before: 84.7 MB.
System memory in use after: 84.8 MB.

Unloading 19 unused Assets to reduce memory usage. Loaded Objects now: 2254.
Total: 34.964300 ms (FindLiveObjects: 0.172600 ms CreateObjectMapping: 0.055700 ms MarkObjects: 34.672200 ms  DeleteObjects: 0.061900 ms)

========================================================================
Received Import Request.
  path: Assets/Scenes
  artifactKey: Guid(3c047a31af425604c8c4cf5cf73c8281) Importer(815301076,1909f56bfc062723c751e8b465ee728b)
Start importing Assets/Scenes using Guid(3c047a31af425604c8c4cf5cf73c8281) Importer(815301076,1909f56bfc062723c751e8b465ee728b)  -> (artifact id: '16d86709a39f50ed2c8a1881034e932b') in 0.031941 seconds
  Import took 0.036296 seconds .

========================================================================
Received Import Request.
  Time since last request: 8.648116 seconds.
  path: Assets/Scenes/Axel's scene.unity
  artifactKey: Guid(a68291536ef97e542b60dc70016cdb23) Importer(815301076,1909f56bfc062723c751e8b465ee728b)
Start importing Assets/Scenes/Axel's scene.unity using Guid(a68291536ef97e542b60dc70016cdb23) Importer(815301076,1909f56bfc062723c751e8b465ee728b)  -> (artifact id: 'edcb88405fe2aa1a3bc7a5da061f57f4') in 0.014531 seconds
  Import took 0.016898 seconds .

AssetImportWorkerClient::OnTransportError - code=2 error=End of file
